2/27/2024 1:44:51 AM - Application started.
2/27/2024 1:44:51 AM - Processing item 0
2/27/2024 1:44:51 AM - Processing item 1
2/27/2024 1:44:51 AM - Processing item 2
2/27/2024 1:44:51 AM - Processing item 3
2/27/2024 1:44:51 AM - Processing item 4
2/27/2024 1:44:51 AM - Application finished.
2/27/2024 1:45:59 AM - Application started.
2/27/2024 1:45:59 AM - Processing item 0
2/27/2024 1:45:59 AM - Processing item 1
2/27/2024 1:45:59 AM - Processing item 2
2/27/2024 1:45:59 AM - Processing item 3
2/27/2024 1:45:59 AM - Processing item 4
2/27/2024 1:45:59 AM - Application finished.
2/27/2024 1:47:09 AM - Application started.
2/27/2024 1:47:09 AM - Processing item 0
2/27/2024 1:47:09 AM - Processing item 1
2/27/2024 1:47:09 AM - Processing item 2
2/27/2024 1:47:09 AM - Processing item 3
2/27/2024 1:47:09 AM - Processing item 4
2/27/2024 1:47:09 AM - Application finished.
2/27/2024 1:47:20 AM - Application started.
2/27/2024 1:47:20 AM - Processing item 0
2/27/2024 1:47:20 AM - Processing item 1
2/27/2024 1:47:20 AM - Processing item 2
2/27/2024 1:47:20 AM - Processing item 3
2/27/2024 1:47:20 AM - Processing item 4
2/27/2024 1:47:20 AM - Application finished.
2/27/2024 12:04:25 PM - Application started.
2/27/2024 12:04:25 PM - Processing item 0
2/27/2024 12:04:25 PM - Processing item 1
2/27/2024 12:04:25 PM - Processing item 2
2/27/2024 12:04:25 PM - Processing item 3
2/27/2024 12:04:25 PM - Processing item 4
2/27/2024 12:04:25 PM - Application finished.
2/27/2024 1:00:39 PM - Application started.
2/27/2024 1:00:39 PM - Processing item 0
2/27/2024 1:00:39 PM - Processing item 1
2/27/2024 1:00:39 PM - Processing item 2
2/27/2024 1:00:39 PM - Processing item 3
2/27/2024 1:00:39 PM - Processing item 4
2/27/2024 1:00:39 PM - Application finished.
